<?xml version="1.0" encoding="UTF-8"?>
<!-- Generated by org.testng.reporters.JUnitReportReporter -->
<testsuite hostname="LAPTOP-32GN0UI0" failures="0" tests="2" name="Academy.HomePage" time="18.152" errors="0" timestamp="2022-11-20T18:01:15 IST" skipped="0">
  <testcase classname="Academy.HomePage" name="basePageNavigation" time="14.291"/>
  <system-out/>
  <testcase classname="Academy.HomePage" name="basePageNavigation" time="3.861"/>
  <system-out/>
</testsuite> <!-- Academy.HomePage -->
