<?xml version="1.0" encoding="UTF-8"?>
<!-- Generated by org.testng.reporters.JUnitReportReporter -->
<testsuite hostname="LAPTOP-32GN0UI0" failures="0" tests="2" name="Academy.HomePage" time="17.335" errors="0" timestamp="20 Nov 2022 08:51:49 GMT">
  <testcase classname="Academy.HomePage" name="basePageNavigation" time="2.436"/>
  <testcase classname="Academy.HomePage" name="basePageNavigation" time="14.899"/>
</testsuite> <!-- Academy.HomePage -->
