<?xml version="1.0" encoding="UTF-8"?>
<!-- Generated by org.testng.reporters.JUnitReportReporter -->
<testsuite hostname="LAPTOP-32GN0UI0" failures="0" tests="1" name="Academy.validateTitle" time="0.073" errors="0" timestamp="20 Nov 2022 08:51:49 GMT">
  <testcase classname="Academy.validateTitle" name="validateAppTitle" time="0.073"/>
</testsuite> <!-- Academy.validateTitle -->
