<?xml version="1.0" encoding="UTF-8"?>
<!-- Generated by org.testng.reporters.JUnitReportReporter -->
<testsuite hostname="LAPTOP-32GN0UI0" failures="0" tests="1" name="Academy.validateTitle" time="0.061" errors="0" timestamp="2022-11-20T18:01:15 IST" skipped="0">
  <testcase classname="Academy.validateTitle" name="validateAppTitle" time="0.061"/>
  <system-out/>
</testsuite> <!-- Academy.validateTitle -->
