<?xml version="1.0" encoding="UTF-8"?>
<!-- Generated by org.testng.reporters.JUnitReportReporter -->
<testsuite hostname="LAPTOP-32GN0UI0" failures="0" tests="1" name="Academy.validateNavigationBar" time="0.136" errors="0" timestamp="20 Nov 2022 08:51:49 GMT">
  <testcase classname="Academy.validateNavigationBar" name="validateAppNavBar" time="0.136"/>
</testsuite> <!-- Academy.validateNavigationBar -->
